
> landing@1.0.0 build /Users/georgegeorge/WebstormProjects/web-clients/apps/landing
> next build

- warn You have enabled experimental feature (outputFileTracingRoot) in next.config.js.
- warn Experimental features are not covered by semver, and may cause unexpected or broken application behavior. Use at your own risk.

- info Creating an optimized production build...
- info Compiled successfully
- info Linting and checking validity of types...
- warn The Next.js plugin was not detected in your ESLint configuration. See https://nextjs.org/docs/basic-features/eslint#migrating-existing-config
- info Collecting page data...
- info Generating static pages (0/4)
- info Generating static pages (1/4)
- info Generating static pages (2/4)
- info Generating static pages (3/4)
- info Generating static pages (4/4)
- info Finalizing page optimization...

Route (app)                                Size     First Load JS
┌ ○ /                                      124 kB          280 kB
├ ○ /blog                                  141 B          78.8 kB
└ λ /blog/article/[slug]                   140 B          78.8 kB
+ First Load JS shared by all              78.6 kB
  ├ chunks/193-fa8c1bb5d98241e6.js         26.1 kB
  ├ chunks/ee5a087d-0709a3cd435d2ed9.js    50.5 kB
  ├ chunks/main-app-5819df8b395aad75.js    217 B
  └ chunks/webpack-193a89dd1deda1cf.js     1.82 kB

Route (pages)                              Size     First Load JS
─ ○ /404                                   182 B          76.6 kB
+ First Load JS shared by all              76.5 kB
  ├ chunks/framework-eb124dc7acb3bb04.js   45.1 kB
  ├ chunks/main-26a617acd821c3ab.js        29.4 kB
  ├ chunks/pages/_app-c9bfc0e35383a361.js  195 B
  └ chunks/webpack-193a89dd1deda1cf.js     1.82 kB

λ  (Server)  server-side renders at runtime (uses getInitialProps or getServerSideProps)
○  (Static)  automatically rendered as static HTML (uses no initial props)

